0 info it worked if it ends with ok
1 verbose cli [ 'C:\\laragon\\bin\\nodejs\\node.exe',
1 verbose cli   'C:\\laragon\\bin\\nodejs\\node_modules\\npm\\bin\\npm-cli.js',
1 verbose cli   'run',
1 verbose cli   'development' ]
2 info using npm@3.10.10
3 info using node@v6.9.5
4 verbose run-script [ 'predevelopment', 'development', 'postdevelopment' ]
5 info lifecycle easy-mobx-example@1.0.0~predevelopment: easy-mobx-example@1.0.0
6 silly lifecycle easy-mobx-example@1.0.0~predevelopment: no script for predevelopment, continuing
7 info lifecycle easy-mobx-example@1.0.0~development: easy-mobx-example@1.0.0
8 verbose lifecycle easy-mobx-example@1.0.0~development: unsafe-perm in lifecycle true
9 verbose lifecycle easy-mobx-example@1.0.0~development: PATH: C:\laragon\bin\nodejs\node_modules\npm\bin\node-gyp-bin;C:\Users\alchrist lc\Desktop\REACTJS PROJECT\cosmicapp-voting-app\node_modules\.bin;C:\Users\alchrist lc\AppData\Local\Yarn\config\global\node_modules\.bin;C:\Users\alchrist lc\AppData\Roaming\npm;C:\Users\alchrist lc\AppData\Roaming\Composer\vendor\bin;C:\laragon\bin\mysql\mariadb-10.2.3-win32\bin;C:\laragon\bin\php\php-5.6.30-Win32-VC11-x86;C:\laragon\bin\composer;C:\laragon\bin\apache\httpd-2.4.25-win32-VC14\bin;C:\laragon\bin\redis\redis-x64-3.2.100;C:\laragon\bin\memcached\memcached-1.4.5;C:\laragon\bin\nodejs;C:\laragon\bin\yarn\bin;C:\laragon\bin\notepad++;C:\laragon\bin\telnet;C:\laragon\bin\ngrok;C:\laragon\bin\sendmail;C:\laragon\bin\winscp;C:\laragon\bin\git\bin;C:\laragon\bin\git\cmd;C:\laragon\bin\git\usr\bin;C:\laragon\bin\git\mingw32\bin;C:\laragon\bin;C:\laragon\usr\bin;C:\laragon\bin\putty;;C:\laragon\bin\cmder\bin;C:\Program Files (x86)\Razer Chroma SDK\bin;C:\Program Files\Razer Chroma SDK\bin;C:\WINDOWS\system32;C:\WINDOWS;C:\WINDOWS\System32\Wbem;C:\WINDOWS\System32\WindowsPowerShell\v1.0\;C:\WINDOWS\system32\config\systemprofile\AppData\Local\Microsoft\WindowsApps;C:\Program Files\Git\cmd;C:\Program Files\Microsoft SQL Server\130\Tools\Binn\;C:\Program Files\Microsoft SQL Server\Client SDK\ODBC\130\Tools\Binn\;C:\Program Files (x86)\Microsoft SQL Server\130\Tools\Binn\;C:\Program Files\Microsoft SQL Server\130\DTS\Binn\;C:\Program Files (x86)\Microsoft SQL Server\Client SDK\ODBC\130\Tools\Binn\;C:\Program Files (x86)\Microsoft SQL Server\140\Tools\Binn\;C:\Program Files (x86)\Microsoft SQL Server\140\DTS\Binn\;C:\Program Files (x86)\Microsoft SQL Server\140\Tools\Binn\ManagementStudio\;C:\Program Files\PostgreSQL\9.6\bin;C:\Program Files\PostgreSQL\9.6\lib;C:\Program Files (x86)\Yarn\bin;C:\Users\alchrist lc\AppData\Local\Programs\Python\Python35-32\Scripts\;C:\Users\alchrist lc\AppData\Local\Programs\Python\Python35-32\;C:\Users\alchrist lc\AppData\Local\Programs\Python\Python36-32\Scripts\;C:\Users\alchrist lc\AppData\Local\Programs\Python\Python36-32\;C:\Users\alchrist lc\AppData\Local\Microsoft\WindowsApps;C:\Users\alchrist lc\AppData\Local\atom\bin;C:\Users\alchrist lc\AppData\Local\Yarn\bin;C:\Program Files\Git\usr\bin;C:\Program Files\Git\usr\share\vim\vim74;C:\laragon\bin\cmder\;
10 verbose lifecycle easy-mobx-example@1.0.0~development: CWD: C:\Users\alchrist lc\Desktop\REACTJS PROJECT\cosmicapp-voting-app
11 silly lifecycle easy-mobx-example@1.0.0~development: Args: [ '/d /s /c', 'NODE_ENV=development node server-dev.js' ]
12 silly lifecycle easy-mobx-example@1.0.0~development: Returned: code: 1  signal: null
13 info lifecycle easy-mobx-example@1.0.0~development: Failed to exec development script
14 verbose stack Error: easy-mobx-example@1.0.0 development: `NODE_ENV=development node server-dev.js`
14 verbose stack Exit status 1
14 verbose stack     at EventEmitter.<anonymous> (C:\laragon\bin\nodejs\node_modules\npm\lib\utils\lifecycle.js:255:16)
14 verbose stack     at emitTwo (events.js:106:13)
14 verbose stack     at EventEmitter.emit (events.js:191:7)
14 verbose stack     at ChildProcess.<anonymous> (C:\laragon\bin\nodejs\node_modules\npm\lib\utils\spawn.js:40:14)
14 verbose stack     at emitTwo (events.js:106:13)
14 verbose stack     at ChildProcess.emit (events.js:191:7)
14 verbose stack     at maybeClose (internal/child_process.js:877:16)
14 verbose stack     at Process.ChildProcess._handle.onexit (internal/child_process.js:226:5)
15 verbose pkgid easy-mobx-example@1.0.0
16 verbose cwd C:\Users\alchrist lc\Desktop\REACTJS PROJECT\cosmicapp-voting-app
17 error Windows_NT 10.0.14393
18 error argv "C:\\laragon\\bin\\nodejs\\node.exe" "C:\\laragon\\bin\\nodejs\\node_modules\\npm\\bin\\npm-cli.js" "run" "development"
19 error node v6.9.5
20 error npm  v3.10.10
21 error code ELIFECYCLE
22 error easy-mobx-example@1.0.0 development: `NODE_ENV=development node server-dev.js`
22 error Exit status 1
23 error Failed at the easy-mobx-example@1.0.0 development script 'NODE_ENV=development node server-dev.js'.
23 error Make sure you have the latest version of node.js and npm installed.
23 error If you do, this is most likely a problem with the easy-mobx-example package,
23 error not with npm itself.
23 error Tell the author that this fails on your system:
23 error     NODE_ENV=development node server-dev.js
23 error You can get information on how to open an issue for this project with:
23 error     npm bugs easy-mobx-example
23 error Or if that isn't available, you can get their info via:
23 error     npm owner ls easy-mobx-example
23 error There is likely additional logging output above.
24 verbose exit [ 1, true ]
